<?xml version="1.0" encoding="UTF-8"?>
<testsuite xmlns:xsi="http://www.w3.org/2001/XMLSchema-instance" xsi:noNamespaceSchemaLocation="https://maven.apache.org/surefire/maven-surefire-plugin/xsd/surefire-test-report.xsd" name="com.grupoa.GrupoaApplicationTests" time="2.163" tests="1" errors="1" skipped="0" failures="0">
  <properties>
    <property name="gopherProxySet" value="false"/>
    <property name="awt.toolkit" value="sun.lwawt.macosx.LWCToolkit"/>
    <property name="file.encoding.pkg" value="sun.io"/>
    <property name="java.specification.version" value="1.8"/>
    <property name="sun.cpu.isalist" value=""/>
    <property name="sun.jnu.encoding" value="UTF-8"/>
    <property name="java.class.path" value="/Users/celiobarros/Documents/workspace/grupo-a-back/target/test-classes:/Users/celiobarros/Documents/workspace/grupo-a-back/target/classes:/Users/celiobarros/.m2/repository/org/springframework/boot/spring-boot-starter-actuator/2.3.4.RELEASE/spring-boot-starter-actuator-2.3.4.RELEASE.jar:/Users/celiobarros/.m2/repository/org/springframework/boot/spring-boot-starter/2.3.4.RELEASE/spring-boot-starter-2.3.4.RELEASE.jar:/Users/celiobarros/.m2/repository/org/springframework/boot/spring-boot/2.3.4.RELEASE/spring-boot-2.3.4.RELEASE.jar:/Users/celiobarros/.m2/repository/org/springframework/boot/spring-boot-autoconfigure/2.3.4.RELEASE/spring-boot-autoconfigure-2.3.4.RELEASE.jar:/Users/celiobarros/.m2/repository/org/springframework/boot/spring-boot-starter-logging/2.3.4.RELEASE/spring-boot-starter-logging-2.3.4.RELEASE.jar:/Users/celiobarros/.m2/repository/ch/qos/logback/logback-classic/1.2.3/logback-classic-1.2.3.jar:/Users/celiobarros/.m2/repository/ch/qos/logback/logback-core/1.2.3/logback-core-1.2.3.jar:/Users/celiobarros/.m2/repository/org/apache/logging/log4j/log4j-to-slf4j/2.13.3/log4j-to-slf4j-2.13.3.jar:/Users/celiobarros/.m2/repository/org/apache/logging/log4j/log4j-api/2.13.3/log4j-api-2.13.3.jar:/Users/celiobarros/.m2/repository/org/slf4j/jul-to-slf4j/1.7.30/jul-to-slf4j-1.7.30.jar:/Users/celiobarros/.m2/repository/jakarta/annotation/jakarta.annotation-api/1.3.5/jakarta.annotation-api-1.3.5.jar:/Users/celiobarros/.m2/repository/org/yaml/snakeyaml/1.26/snakeyaml-1.26.jar:/Users/celiobarros/.m2/repository/org/springframework/boot/spring-boot-actuator-autoconfigure/2.3.4.RELEASE/spring-boot-actuator-autoconfigure-2.3.4.RELEASE.jar:/Users/celiobarros/.m2/repository/org/springframework/boot/spring-boot-actuator/2.3.4.RELEASE/spring-boot-actuator-2.3.4.RELEASE.jar:/Users/celiobarros/.m2/repository/com/fasterxml/jackson/core/jackson-databind/2.11.2/jackson-databind-2.11.2.jar:/Users/celiobarros/.m2/repository/com/fasterxml/jackson/core/jackson-core/2.11.2/jackson-core-2.11.2.jar:/Users/celiobarros/.m2/repository/com/fasterxml/jackson/datatype/jackson-datatype-jsr310/2.11.2/jackson-datatype-jsr310-2.11.2.jar:/Users/celiobarros/.m2/repository/io/micrometer/micrometer-core/1.5.5/micrometer-core-1.5.5.jar:/Users/celiobarros/.m2/repository/org/hdrhistogram/HdrHistogram/2.1.12/HdrHistogram-2.1.12.jar:/Users/celiobarros/.m2/repository/org/latencyutils/LatencyUtils/2.0.3/LatencyUtils-2.0.3.jar:/Users/celiobarros/.m2/repository/org/springframework/boot/spring-boot-starter-web/2.3.4.RELEASE/spring-boot-starter-web-2.3.4.RELEASE.jar:/Users/celiobarros/.m2/repository/org/springframework/boot/spring-boot-starter-json/2.3.4.RELEASE/spring-boot-starter-json-2.3.4.RELEASE.jar:/Users/celiobarros/.m2/repository/com/fasterxml/jackson/datatype/jackson-datatype-jdk8/2.11.2/jackson-datatype-jdk8-2.11.2.jar:/Users/celiobarros/.m2/repository/com/fasterxml/jackson/module/jackson-module-parameter-names/2.11.2/jackson-module-parameter-names-2.11.2.jar:/Users/celiobarros/.m2/repository/org/springframework/boot/spring-boot-starter-tomcat/2.3.4.RELEASE/spring-boot-starter-tomcat-2.3.4.RELEASE.jar:/Users/celiobarros/.m2/repository/org/apache/tomcat/embed/tomcat-embed-core/9.0.38/tomcat-embed-core-9.0.38.jar:/Users/celiobarros/.m2/repository/org/glassfish/jakarta.el/3.0.3/jakarta.el-3.0.3.jar:/Users/celiobarros/.m2/repository/org/apache/tomcat/embed/tomcat-embed-websocket/9.0.38/tomcat-embed-websocket-9.0.38.jar:/Users/celiobarros/.m2/repository/org/springframework/spring-web/5.2.9.RELEASE/spring-web-5.2.9.RELEASE.jar:/Users/celiobarros/.m2/repository/org/springframework/spring-beans/5.2.9.RELEASE/spring-beans-5.2.9.RELEASE.jar:/Users/celiobarros/.m2/repository/org/springframework/spring-webmvc/5.2.9.RELEASE/spring-webmvc-5.2.9.RELEASE.jar:/Users/celiobarros/.m2/repository/org/springframework/spring-aop/5.2.9.RELEASE/spring-aop-5.2.9.RELEASE.jar:/Users/celiobarros/.m2/repository/org/springframework/spring-context/5.2.9.RELEASE/spring-context-5.2.9.RELEASE.jar:/Users/celiobarros/.m2/repository/org/springframework/spring-expression/5.2.9.RELEASE/spring-expression-5.2.9.RELEASE.jar:/Users/celiobarros/.m2/repository/org/springframework/boot/spring-boot-starter-data-jpa/2.3.4.RELEASE/spring-boot-starter-data-jpa-2.3.4.RELEASE.jar:/Users/celiobarros/.m2/repository/org/springframework/boot/spring-boot-starter-aop/2.3.4.RELEASE/spring-boot-starter-aop-2.3.4.RELEASE.jar:/Users/celiobarros/.m2/repository/org/aspectj/aspectjweaver/1.9.6/aspectjweaver-1.9.6.jar:/Users/celiobarros/.m2/repository/org/springframework/boot/spring-boot-starter-jdbc/2.3.4.RELEASE/spring-boot-starter-jdbc-2.3.4.RELEASE.jar:/Users/celiobarros/.m2/repository/com/zaxxer/HikariCP/3.4.5/HikariCP-3.4.5.jar:/Users/celiobarros/.m2/repository/org/springframework/spring-jdbc/5.2.9.RELEASE/spring-jdbc-5.2.9.RELEASE.jar:/Users/celiobarros/.m2/repository/jakarta/transaction/jakarta.transaction-api/1.3.3/jakarta.transaction-api-1.3.3.jar:/Users/celiobarros/.m2/repository/jakarta/persistence/jakarta.persistence-api/2.2.3/jakarta.persistence-api-2.2.3.jar:/Users/celiobarros/.m2/repository/org/hibernate/hibernate-core/5.4.21.Final/hibernate-core-5.4.21.Final.jar:/Users/celiobarros/.m2/repository/org/jboss/logging/jboss-logging/3.4.1.Final/jboss-logging-3.4.1.Final.jar:/Users/celiobarros/.m2/repository/org/javassist/javassist/3.24.0-GA/javassist-3.24.0-GA.jar:/Users/celiobarros/.m2/repository/net/bytebuddy/byte-buddy/1.10.14/byte-buddy-1.10.14.jar:/Users/celiobarros/.m2/repository/antlr/antlr/2.7.7/antlr-2.7.7.jar:/Users/celiobarros/.m2/repository/org/jboss/jandex/2.1.3.Final/jandex-2.1.3.Final.jar:/Users/celiobarros/.m2/repository/com/fasterxml/classmate/1.5.1/classmate-1.5.1.jar:/Users/celiobarros/.m2/repository/org/dom4j/dom4j/2.1.3/dom4j-2.1.3.jar:/Users/celiobarros/.m2/repository/org/hibernate/common/hibernate-commons-annotations/5.1.0.Final/hibernate-commons-annotations-5.1.0.Final.jar:/Users/celiobarros/.m2/repository/org/glassfish/jaxb/jaxb-runtime/2.3.3/jaxb-runtime-2.3.3.jar:/Users/celiobarros/.m2/repository/org/glassfish/jaxb/txw2/2.3.3/txw2-2.3.3.jar:/Users/celiobarros/.m2/repository/com/sun/istack/istack-commons-runtime/3.0.11/istack-commons-runtime-3.0.11.jar:/Users/celiobarros/.m2/repository/com/sun/activation/jakarta.activation/1.2.2/jakarta.activation-1.2.2.jar:/Users/celiobarros/.m2/repository/org/springframework/data/spring-data-jpa/2.3.4.RELEASE/spring-data-jpa-2.3.4.RELEASE.jar:/Users/celiobarros/.m2/repository/org/springframework/data/spring-data-commons/2.3.4.RELEASE/spring-data-commons-2.3.4.RELEASE.jar:/Users/celiobarros/.m2/repository/org/springframework/spring-orm/5.2.9.RELEASE/spring-orm-5.2.9.RELEASE.jar:/Users/celiobarros/.m2/repository/org/springframework/spring-tx/5.2.9.RELEASE/spring-tx-5.2.9.RELEASE.jar:/Users/celiobarros/.m2/repository/org/springframework/spring-aspects/5.2.9.RELEASE/spring-aspects-5.2.9.RELEASE.jar:/Users/celiobarros/.m2/repository/org/postgresql/postgresql/42.2.16/postgresql-42.2.16.jar:/Users/celiobarros/.m2/repository/org/checkerframework/checker-qual/3.5.0/checker-qual-3.5.0.jar:/Users/celiobarros/.m2/repository/org/springframework/boot/spring-boot-starter-data-rest/2.3.4.RELEASE/spring-boot-starter-data-rest-2.3.4.RELEASE.jar:/Users/celiobarros/.m2/repository/org/springframework/data/spring-data-rest-webmvc/3.3.4.RELEASE/spring-data-rest-webmvc-3.3.4.RELEASE.jar:/Users/celiobarros/.m2/repository/org/springframework/data/spring-data-rest-core/3.3.4.RELEASE/spring-data-rest-core-3.3.4.RELEASE.jar:/Users/celiobarros/.m2/repository/org/springframework/hateoas/spring-hateoas/1.1.2.RELEASE/spring-hateoas-1.1.2.RELEASE.jar:/Users/celiobarros/.m2/repository/org/springframework/plugin/spring-plugin-core/2.0.0.RELEASE/spring-plugin-core-2.0.0.RELEASE.jar:/Users/celiobarros/.m2/repository/org/atteo/evo-inflector/1.2.2/evo-inflector-1.2.2.jar:/Users/celiobarros/.m2/repository/com/fasterxml/jackson/core/jackson-annotations/2.11.2/jackson-annotations-2.11.2.jar:/Users/celiobarros/.m2/repository/org/springframework/boot/spring-boot-starter-test/2.3.4.RELEASE/spring-boot-starter-test-2.3.4.RELEASE.jar:/Users/celiobarros/.m2/repository/org/springframework/boot/spring-boot-test/2.3.4.RELEASE/spring-boot-test-2.3.4.RELEASE.jar:/Users/celiobarros/.m2/repository/org/springframework/boot/spring-boot-test-autoconfigure/2.3.4.RELEASE/spring-boot-test-autoconfigure-2.3.4.RELEASE.jar:/Users/celiobarros/.m2/repository/com/jayway/jsonpath/json-path/2.4.0/json-path-2.4.0.jar:/Users/celiobarros/.m2/repository/net/minidev/json-smart/2.3/json-smart-2.3.jar:/Users/celiobarros/.m2/repository/net/minidev/accessors-smart/1.2/accessors-smart-1.2.jar:/Users/celiobarros/.m2/repository/org/ow2/asm/asm/5.0.4/asm-5.0.4.jar:/Users/celiobarros/.m2/repository/jakarta/xml/bind/jakarta.xml.bind-api/2.3.3/jakarta.xml.bind-api-2.3.3.jar:/Users/celiobarros/.m2/repository/jakarta/activation/jakarta.activation-api/1.2.2/jakarta.activation-api-1.2.2.jar:/Users/celiobarros/.m2/repository/org/assertj/assertj-core/3.16.1/assertj-core-3.16.1.jar:/Users/celiobarros/.m2/repository/org/hamcrest/hamcrest/2.2/hamcrest-2.2.jar:/Users/celiobarros/.m2/repository/org/junit/jupiter/junit-jupiter/5.6.2/junit-jupiter-5.6.2.jar:/Users/celiobarros/.m2/repository/org/junit/jupiter/junit-jupiter-api/5.6.2/junit-jupiter-api-5.6.2.jar:/Users/celiobarros/.m2/repository/org/opentest4j/opentest4j/1.2.0/opentest4j-1.2.0.jar:/Users/celiobarros/.m2/repository/org/junit/platform/junit-platform-commons/1.6.2/junit-platform-commons-1.6.2.jar:/Users/celiobarros/.m2/repository/org/junit/jupiter/junit-jupiter-params/5.6.2/junit-jupiter-params-5.6.2.jar:/Users/celiobarros/.m2/repository/org/junit/jupiter/junit-jupiter-engine/5.6.2/junit-jupiter-engine-5.6.2.jar:/Users/celiobarros/.m2/repository/org/junit/vintage/junit-vintage-engine/5.6.2/junit-vintage-engine-5.6.2.jar:/Users/celiobarros/.m2/repository/org/apiguardian/apiguardian-api/1.1.0/apiguardian-api-1.1.0.jar:/Users/celiobarros/.m2/repository/org/junit/platform/junit-platform-engine/1.6.2/junit-platform-engine-1.6.2.jar:/Users/celiobarros/.m2/repository/org/mockito/mockito-core/3.3.3/mockito-core-3.3.3.jar:/Users/celiobarros/.m2/repository/net/bytebuddy/byte-buddy-agent/1.10.14/byte-buddy-agent-1.10.14.jar:/Users/celiobarros/.m2/repository/org/objenesis/objenesis/2.6/objenesis-2.6.jar:/Users/celiobarros/.m2/repository/org/mockito/mockito-junit-jupiter/3.3.3/mockito-junit-jupiter-3.3.3.jar:/Users/celiobarros/.m2/repository/org/skyscreamer/jsonassert/1.5.0/jsonassert-1.5.0.jar:/Users/celiobarros/.m2/repository/com/vaadin/external/google/android-json/0.0.20131108.vaadin1/android-json-0.0.20131108.vaadin1.jar:/Users/celiobarros/.m2/repository/org/springframework/spring-core/5.2.9.RELEASE/spring-core-5.2.9.RELEASE.jar:/Users/celiobarros/.m2/repository/org/springframework/spring-jcl/5.2.9.RELEASE/spring-jcl-5.2.9.RELEASE.jar:/Users/celiobarros/.m2/repository/org/xmlunit/xmlunit-core/2.7.0/xmlunit-core-2.7.0.jar:/Users/celiobarros/.m2/repository/org/testcontainers/testcontainers/1.11.2/testcontainers-1.11.2.jar:/Users/celiobarros/.m2/repository/junit/junit/4.13/junit-4.13.jar:/Users/celiobarros/.m2/repository/org/hamcrest/hamcrest-core/2.2/hamcrest-core-2.2.jar:/Users/celiobarros/.m2/repository/org/slf4j/slf4j-api/1.7.30/slf4j-api-1.7.30.jar:/Users/celiobarros/.m2/repository/org/jetbrains/annotations/17.0.0/annotations-17.0.0.jar:/Users/celiobarros/.m2/repository/javax/annotation/javax.annotation-api/1.3.2/javax.annotation-api-1.3.2.jar:/Users/celiobarros/.m2/repository/org/apache/commons/commons-compress/1.18/commons-compress-1.18.jar:/Users/celiobarros/.m2/repository/javax/xml/bind/jaxb-api/2.3.1/jaxb-api-2.3.1.jar:/Users/celiobarros/.m2/repository/javax/activation/javax.activation-api/1.2.0/javax.activation-api-1.2.0.jar:/Users/celiobarros/.m2/repository/org/rnorth/duct-tape/duct-tape/1.0.7/duct-tape-1.0.7.jar:/Users/celiobarros/.m2/repository/org/rnorth/visible-assertions/visible-assertions/2.1.2/visible-assertions-2.1.2.jar:/Users/celiobarros/.m2/repository/net/java/dev/jna/jna/5.2.0/jna-5.2.0.jar:/Users/celiobarros/.m2/repository/org/rnorth/tcp-unix-socket-proxy/1.0.2/tcp-unix-socket-proxy-1.0.2.jar:/Users/celiobarros/.m2/repository/com/kohlschutter/junixsocket/junixsocket-native-common/2.0.4/junixsocket-native-common-2.0.4.jar:/Users/celiobarros/.m2/repository/org/scijava/native-lib-loader/2.0.2/native-lib-loader-2.0.2.jar:/Users/celiobarros/.m2/repository/com/kohlschutter/junixsocket/junixsocket-common/2.0.4/junixsocket-common-2.0.4.jar:/Users/celiobarros/.m2/repository/net/java/dev/jna/jna-platform/5.2.0/jna-platform-5.2.0.jar:/Users/celiobarros/.m2/repository/org/testcontainers/postgresql/1.11.2/postgresql-1.11.2.jar:/Users/celiobarros/.m2/repository/org/testcontainers/jdbc/1.11.2/jdbc-1.11.2.jar:/Users/celiobarros/.m2/repository/org/testcontainers/database-commons/1.11.2/database-commons-1.11.2.jar:/Users/celiobarros/.m2/repository/com/querydsl/querydsl-apt/4.2.1/querydsl-apt-4.2.1.jar:/Users/celiobarros/.m2/repository/com/querydsl/querydsl-codegen/4.2.1/querydsl-codegen-4.2.1.jar:/Users/celiobarros/.m2/repository/com/mysema/codegen/codegen/0.6.8/codegen-0.6.8.jar:/Users/celiobarros/.m2/repository/org/eclipse/jdt/core/compiler/ecj/4.3.1/ecj-4.3.1.jar:/Users/celiobarros/.m2/repository/org/reflections/reflections/0.9.9/reflections-0.9.9.jar:/Users/celiobarros/.m2/repository/com/google/code/findbugs/annotations/2.0.1/annotations-2.0.1.jar:/Users/celiobarros/.m2/repository/com/querydsl/querydsl-jpa/4.2.1/querydsl-jpa-4.2.1.jar:/Users/celiobarros/.m2/repository/com/querydsl/querydsl-core/4.2.1/querydsl-core-4.2.1.jar:/Users/celiobarros/.m2/repository/com/google/guava/guava/18.0/guava-18.0.jar:/Users/celiobarros/.m2/repository/com/google/code/findbugs/jsr305/1.3.9/jsr305-1.3.9.jar:/Users/celiobarros/.m2/repository/com/mysema/commons/mysema-commons-lang/0.2.4/mysema-commons-lang-0.2.4.jar:/Users/celiobarros/.m2/repository/com/infradna/tool/bridge-method-annotation/1.13/bridge-method-annotation-1.13.jar:/Users/celiobarros/.m2/repository/javax/inject/javax.inject/1/javax.inject-1.jar:/Users/celiobarros/.m2/repository/org/projectlombok/lombok/1.18.12/lombok-1.18.12.jar:/Users/celiobarros/.m2/repository/log4j/log4j/1.2.17/log4j-1.2.17.jar:/Users/celiobarros/.m2/repository/org/springframework/spring-test/5.2.9.RELEASE/spring-test-5.2.9.RELEASE.jar:"/>
    <property name="java.vm.vendor" value="Oracle Corporation"/>
    <property name="sun.arch.data.model" value="64"/>
    <property name="java.vendor.url" value="http://java.oracle.com/"/>
    <property name="user.timezone" value=""/>
    <property name="java.vm.specification.version" value="1.8"/>
    <property name="os.name" value="Mac OS X"/>
    <property name="user.country" value="BR"/>
    <property name="sun.java.launcher" value="SUN_STANDARD"/>
    <property name="sun.boot.library.path" value="/Library/Java/JavaVirtualMachines/jdk1.8.0_191.jdk/Contents/Home/jre/lib"/>
    <property name="sun.java.command" value="/Users/celiobarros/Documents/workspace/grupo-a-back/target/surefire/surefirebooter9083950091999893778.jar /Users/celiobarros/Documents/workspace/grupo-a-back/target/surefire 2020-10-17T09-57-26_539-jvmRun1 surefire9216377382034875024tmp surefire_0850296918384969937tmp"/>
    <property name="http.nonProxyHosts" value="local|*.local|169.254/16|*.169.254/16"/>
    <property name="surefire.test.class.path" value="/Users/celiobarros/Documents/workspace/grupo-a-back/target/test-classes:/Users/celiobarros/Documents/workspace/grupo-a-back/target/classes:/Users/celiobarros/.m2/repository/org/springframework/boot/spring-boot-starter-actuator/2.3.4.RELEASE/spring-boot-starter-actuator-2.3.4.RELEASE.jar:/Users/celiobarros/.m2/repository/org/springframework/boot/spring-boot-starter/2.3.4.RELEASE/spring-boot-starter-2.3.4.RELEASE.jar:/Users/celiobarros/.m2/repository/org/springframework/boot/spring-boot/2.3.4.RELEASE/spring-boot-2.3.4.RELEASE.jar:/Users/celiobarros/.m2/repository/org/springframework/boot/spring-boot-autoconfigure/2.3.4.RELEASE/spring-boot-autoconfigure-2.3.4.RELEASE.jar:/Users/celiobarros/.m2/repository/org/springframework/boot/spring-boot-starter-logging/2.3.4.RELEASE/spring-boot-starter-logging-2.3.4.RELEASE.jar:/Users/celiobarros/.m2/repository/ch/qos/logback/logback-classic/1.2.3/logback-classic-1.2.3.jar:/Users/celiobarros/.m2/repository/ch/qos/logback/logback-core/1.2.3/logback-core-1.2.3.jar:/Users/celiobarros/.m2/repository/org/apache/logging/log4j/log4j-to-slf4j/2.13.3/log4j-to-slf4j-2.13.3.jar:/Users/celiobarros/.m2/repository/org/apache/logging/log4j/log4j-api/2.13.3/log4j-api-2.13.3.jar:/Users/celiobarros/.m2/repository/org/slf4j/jul-to-slf4j/1.7.30/jul-to-slf4j-1.7.30.jar:/Users/celiobarros/.m2/repository/jakarta/annotation/jakarta.annotation-api/1.3.5/jakarta.annotation-api-1.3.5.jar:/Users/celiobarros/.m2/repository/org/yaml/snakeyaml/1.26/snakeyaml-1.26.jar:/Users/celiobarros/.m2/repository/org/springframework/boot/spring-boot-actuator-autoconfigure/2.3.4.RELEASE/spring-boot-actuator-autoconfigure-2.3.4.RELEASE.jar:/Users/celiobarros/.m2/repository/org/springframework/boot/spring-boot-actuator/2.3.4.RELEASE/spring-boot-actuator-2.3.4.RELEASE.jar:/Users/celiobarros/.m2/repository/com/fasterxml/jackson/core/jackson-databind/2.11.2/jackson-databind-2.11.2.jar:/Users/celiobarros/.m2/repository/com/fasterxml/jackson/core/jackson-core/2.11.2/jackson-core-2.11.2.jar:/Users/celiobarros/.m2/repository/com/fasterxml/jackson/datatype/jackson-datatype-jsr310/2.11.2/jackson-datatype-jsr310-2.11.2.jar:/Users/celiobarros/.m2/repository/io/micrometer/micrometer-core/1.5.5/micrometer-core-1.5.5.jar:/Users/celiobarros/.m2/repository/org/hdrhistogram/HdrHistogram/2.1.12/HdrHistogram-2.1.12.jar:/Users/celiobarros/.m2/repository/org/latencyutils/LatencyUtils/2.0.3/LatencyUtils-2.0.3.jar:/Users/celiobarros/.m2/repository/org/springframework/boot/spring-boot-starter-web/2.3.4.RELEASE/spring-boot-starter-web-2.3.4.RELEASE.jar:/Users/celiobarros/.m2/repository/org/springframework/boot/spring-boot-starter-json/2.3.4.RELEASE/spring-boot-starter-json-2.3.4.RELEASE.jar:/Users/celiobarros/.m2/repository/com/fasterxml/jackson/datatype/jackson-datatype-jdk8/2.11.2/jackson-datatype-jdk8-2.11.2.jar:/Users/celiobarros/.m2/repository/com/fasterxml/jackson/module/jackson-module-parameter-names/2.11.2/jackson-module-parameter-names-2.11.2.jar:/Users/celiobarros/.m2/repository/org/springframework/boot/spring-boot-starter-tomcat/2.3.4.RELEASE/spring-boot-starter-tomcat-2.3.4.RELEASE.jar:/Users/celiobarros/.m2/repository/org/apache/tomcat/embed/tomcat-embed-core/9.0.38/tomcat-embed-core-9.0.38.jar:/Users/celiobarros/.m2/repository/org/glassfish/jakarta.el/3.0.3/jakarta.el-3.0.3.jar:/Users/celiobarros/.m2/repository/org/apache/tomcat/embed/tomcat-embed-websocket/9.0.38/tomcat-embed-websocket-9.0.38.jar:/Users/celiobarros/.m2/repository/org/springframework/spring-web/5.2.9.RELEASE/spring-web-5.2.9.RELEASE.jar:/Users/celiobarros/.m2/repository/org/springframework/spring-beans/5.2.9.RELEASE/spring-beans-5.2.9.RELEASE.jar:/Users/celiobarros/.m2/repository/org/springframework/spring-webmvc/5.2.9.RELEASE/spring-webmvc-5.2.9.RELEASE.jar:/Users/celiobarros/.m2/repository/org/springframework/spring-aop/5.2.9.RELEASE/spring-aop-5.2.9.RELEASE.jar:/Users/celiobarros/.m2/repository/org/springframework/spring-context/5.2.9.RELEASE/spring-context-5.2.9.RELEASE.jar:/Users/celiobarros/.m2/repository/org/springframework/spring-expression/5.2.9.RELEASE/spring-expression-5.2.9.RELEASE.jar:/Users/celiobarros/.m2/repository/org/springframework/boot/spring-boot-starter-data-jpa/2.3.4.RELEASE/spring-boot-starter-data-jpa-2.3.4.RELEASE.jar:/Users/celiobarros/.m2/repository/org/springframework/boot/spring-boot-starter-aop/2.3.4.RELEASE/spring-boot-starter-aop-2.3.4.RELEASE.jar:/Users/celiobarros/.m2/repository/org/aspectj/aspectjweaver/1.9.6/aspectjweaver-1.9.6.jar:/Users/celiobarros/.m2/repository/org/springframework/boot/spring-boot-starter-jdbc/2.3.4.RELEASE/spring-boot-starter-jdbc-2.3.4.RELEASE.jar:/Users/celiobarros/.m2/repository/com/zaxxer/HikariCP/3.4.5/HikariCP-3.4.5.jar:/Users/celiobarros/.m2/repository/org/springframework/spring-jdbc/5.2.9.RELEASE/spring-jdbc-5.2.9.RELEASE.jar:/Users/celiobarros/.m2/repository/jakarta/transaction/jakarta.transaction-api/1.3.3/jakarta.transaction-api-1.3.3.jar:/Users/celiobarros/.m2/repository/jakarta/persistence/jakarta.persistence-api/2.2.3/jakarta.persistence-api-2.2.3.jar:/Users/celiobarros/.m2/repository/org/hibernate/hibernate-core/5.4.21.Final/hibernate-core-5.4.21.Final.jar:/Users/celiobarros/.m2/repository/org/jboss/logging/jboss-logging/3.4.1.Final/jboss-logging-3.4.1.Final.jar:/Users/celiobarros/.m2/repository/org/javassist/javassist/3.24.0-GA/javassist-3.24.0-GA.jar:/Users/celiobarros/.m2/repository/net/bytebuddy/byte-buddy/1.10.14/byte-buddy-1.10.14.jar:/Users/celiobarros/.m2/repository/antlr/antlr/2.7.7/antlr-2.7.7.jar:/Users/celiobarros/.m2/repository/org/jboss/jandex/2.1.3.Final/jandex-2.1.3.Final.jar:/Users/celiobarros/.m2/repository/com/fasterxml/classmate/1.5.1/classmate-1.5.1.jar:/Users/celiobarros/.m2/repository/org/dom4j/dom4j/2.1.3/dom4j-2.1.3.jar:/Users/celiobarros/.m2/repository/org/hibernate/common/hibernate-commons-annotations/5.1.0.Final/hibernate-commons-annotations-5.1.0.Final.jar:/Users/celiobarros/.m2/repository/org/glassfish/jaxb/jaxb-runtime/2.3.3/jaxb-runtime-2.3.3.jar:/Users/celiobarros/.m2/repository/org/glassfish/jaxb/txw2/2.3.3/txw2-2.3.3.jar:/Users/celiobarros/.m2/repository/com/sun/istack/istack-commons-runtime/3.0.11/istack-commons-runtime-3.0.11.jar:/Users/celiobarros/.m2/repository/com/sun/activation/jakarta.activation/1.2.2/jakarta.activation-1.2.2.jar:/Users/celiobarros/.m2/repository/org/springframework/data/spring-data-jpa/2.3.4.RELEASE/spring-data-jpa-2.3.4.RELEASE.jar:/Users/celiobarros/.m2/repository/org/springframework/data/spring-data-commons/2.3.4.RELEASE/spring-data-commons-2.3.4.RELEASE.jar:/Users/celiobarros/.m2/repository/org/springframework/spring-orm/5.2.9.RELEASE/spring-orm-5.2.9.RELEASE.jar:/Users/celiobarros/.m2/repository/org/springframework/spring-tx/5.2.9.RELEASE/spring-tx-5.2.9.RELEASE.jar:/Users/celiobarros/.m2/repository/org/springframework/spring-aspects/5.2.9.RELEASE/spring-aspects-5.2.9.RELEASE.jar:/Users/celiobarros/.m2/repository/org/postgresql/postgresql/42.2.16/postgresql-42.2.16.jar:/Users/celiobarros/.m2/repository/org/checkerframework/checker-qual/3.5.0/checker-qual-3.5.0.jar:/Users/celiobarros/.m2/repository/org/springframework/boot/spring-boot-starter-data-rest/2.3.4.RELEASE/spring-boot-starter-data-rest-2.3.4.RELEASE.jar:/Users/celiobarros/.m2/repository/org/springframework/data/spring-data-rest-webmvc/3.3.4.RELEASE/spring-data-rest-webmvc-3.3.4.RELEASE.jar:/Users/celiobarros/.m2/repository/org/springframework/data/spring-data-rest-core/3.3.4.RELEASE/spring-data-rest-core-3.3.4.RELEASE.jar:/Users/celiobarros/.m2/repository/org/springframework/hateoas/spring-hateoas/1.1.2.RELEASE/spring-hateoas-1.1.2.RELEASE.jar:/Users/celiobarros/.m2/repository/org/springframework/plugin/spring-plugin-core/2.0.0.RELEASE/spring-plugin-core-2.0.0.RELEASE.jar:/Users/celiobarros/.m2/repository/org/atteo/evo-inflector/1.2.2/evo-inflector-1.2.2.jar:/Users/celiobarros/.m2/repository/com/fasterxml/jackson/core/jackson-annotations/2.11.2/jackson-annotations-2.11.2.jar:/Users/celiobarros/.m2/repository/org/springframework/boot/spring-boot-starter-test/2.3.4.RELEASE/spring-boot-starter-test-2.3.4.RELEASE.jar:/Users/celiobarros/.m2/repository/org/springframework/boot/spring-boot-test/2.3.4.RELEASE/spring-boot-test-2.3.4.RELEASE.jar:/Users/celiobarros/.m2/repository/org/springframework/boot/spring-boot-test-autoconfigure/2.3.4.RELEASE/spring-boot-test-autoconfigure-2.3.4.RELEASE.jar:/Users/celiobarros/.m2/repository/com/jayway/jsonpath/json-path/2.4.0/json-path-2.4.0.jar:/Users/celiobarros/.m2/repository/net/minidev/json-smart/2.3/json-smart-2.3.jar:/Users/celiobarros/.m2/repository/net/minidev/accessors-smart/1.2/accessors-smart-1.2.jar:/Users/celiobarros/.m2/repository/org/ow2/asm/asm/5.0.4/asm-5.0.4.jar:/Users/celiobarros/.m2/repository/jakarta/xml/bind/jakarta.xml.bind-api/2.3.3/jakarta.xml.bind-api-2.3.3.jar:/Users/celiobarros/.m2/repository/jakarta/activation/jakarta.activation-api/1.2.2/jakarta.activation-api-1.2.2.jar:/Users/celiobarros/.m2/repository/org/assertj/assertj-core/3.16.1/assertj-core-3.16.1.jar:/Users/celiobarros/.m2/repository/org/hamcrest/hamcrest/2.2/hamcrest-2.2.jar:/Users/celiobarros/.m2/repository/org/junit/jupiter/junit-jupiter/5.6.2/junit-jupiter-5.6.2.jar:/Users/celiobarros/.m2/repository/org/junit/jupiter/junit-jupiter-api/5.6.2/junit-jupiter-api-5.6.2.jar:/Users/celiobarros/.m2/repository/org/opentest4j/opentest4j/1.2.0/opentest4j-1.2.0.jar:/Users/celiobarros/.m2/repository/org/junit/platform/junit-platform-commons/1.6.2/junit-platform-commons-1.6.2.jar:/Users/celiobarros/.m2/repository/org/junit/jupiter/junit-jupiter-params/5.6.2/junit-jupiter-params-5.6.2.jar:/Users/celiobarros/.m2/repository/org/junit/jupiter/junit-jupiter-engine/5.6.2/junit-jupiter-engine-5.6.2.jar:/Users/celiobarros/.m2/repository/org/junit/vintage/junit-vintage-engine/5.6.2/junit-vintage-engine-5.6.2.jar:/Users/celiobarros/.m2/repository/org/apiguardian/apiguardian-api/1.1.0/apiguardian-api-1.1.0.jar:/Users/celiobarros/.m2/repository/org/junit/platform/junit-platform-engine/1.6.2/junit-platform-engine-1.6.2.jar:/Users/celiobarros/.m2/repository/org/mockito/mockito-core/3.3.3/mockito-core-3.3.3.jar:/Users/celiobarros/.m2/repository/net/bytebuddy/byte-buddy-agent/1.10.14/byte-buddy-agent-1.10.14.jar:/Users/celiobarros/.m2/repository/org/objenesis/objenesis/2.6/objenesis-2.6.jar:/Users/celiobarros/.m2/repository/org/mockito/mockito-junit-jupiter/3.3.3/mockito-junit-jupiter-3.3.3.jar:/Users/celiobarros/.m2/repository/org/skyscreamer/jsonassert/1.5.0/jsonassert-1.5.0.jar:/Users/celiobarros/.m2/repository/com/vaadin/external/google/android-json/0.0.20131108.vaadin1/android-json-0.0.20131108.vaadin1.jar:/Users/celiobarros/.m2/repository/org/springframework/spring-core/5.2.9.RELEASE/spring-core-5.2.9.RELEASE.jar:/Users/celiobarros/.m2/repository/org/springframework/spring-jcl/5.2.9.RELEASE/spring-jcl-5.2.9.RELEASE.jar:/Users/celiobarros/.m2/repository/org/xmlunit/xmlunit-core/2.7.0/xmlunit-core-2.7.0.jar:/Users/celiobarros/.m2/repository/org/testcontainers/testcontainers/1.11.2/testcontainers-1.11.2.jar:/Users/celiobarros/.m2/repository/junit/junit/4.13/junit-4.13.jar:/Users/celiobarros/.m2/repository/org/hamcrest/hamcrest-core/2.2/hamcrest-core-2.2.jar:/Users/celiobarros/.m2/repository/org/slf4j/slf4j-api/1.7.30/slf4j-api-1.7.30.jar:/Users/celiobarros/.m2/repository/org/jetbrains/annotations/17.0.0/annotations-17.0.0.jar:/Users/celiobarros/.m2/repository/javax/annotation/javax.annotation-api/1.3.2/javax.annotation-api-1.3.2.jar:/Users/celiobarros/.m2/repository/org/apache/commons/commons-compress/1.18/commons-compress-1.18.jar:/Users/celiobarros/.m2/repository/javax/xml/bind/jaxb-api/2.3.1/jaxb-api-2.3.1.jar:/Users/celiobarros/.m2/repository/javax/activation/javax.activation-api/1.2.0/javax.activation-api-1.2.0.jar:/Users/celiobarros/.m2/repository/org/rnorth/duct-tape/duct-tape/1.0.7/duct-tape-1.0.7.jar:/Users/celiobarros/.m2/repository/org/rnorth/visible-assertions/visible-assertions/2.1.2/visible-assertions-2.1.2.jar:/Users/celiobarros/.m2/repository/net/java/dev/jna/jna/5.2.0/jna-5.2.0.jar:/Users/celiobarros/.m2/repository/org/rnorth/tcp-unix-socket-proxy/1.0.2/tcp-unix-socket-proxy-1.0.2.jar:/Users/celiobarros/.m2/repository/com/kohlschutter/junixsocket/junixsocket-native-common/2.0.4/junixsocket-native-common-2.0.4.jar:/Users/celiobarros/.m2/repository/org/scijava/native-lib-loader/2.0.2/native-lib-loader-2.0.2.jar:/Users/celiobarros/.m2/repository/com/kohlschutter/junixsocket/junixsocket-common/2.0.4/junixsocket-common-2.0.4.jar:/Users/celiobarros/.m2/repository/net/java/dev/jna/jna-platform/5.2.0/jna-platform-5.2.0.jar:/Users/celiobarros/.m2/repository/org/testcontainers/postgresql/1.11.2/postgresql-1.11.2.jar:/Users/celiobarros/.m2/repository/org/testcontainers/jdbc/1.11.2/jdbc-1.11.2.jar:/Users/celiobarros/.m2/repository/org/testcontainers/database-commons/1.11.2/database-commons-1.11.2.jar:/Users/celiobarros/.m2/repository/com/querydsl/querydsl-apt/4.2.1/querydsl-apt-4.2.1.jar:/Users/celiobarros/.m2/repository/com/querydsl/querydsl-codegen/4.2.1/querydsl-codegen-4.2.1.jar:/Users/celiobarros/.m2/repository/com/mysema/codegen/codegen/0.6.8/codegen-0.6.8.jar:/Users/celiobarros/.m2/repository/org/eclipse/jdt/core/compiler/ecj/4.3.1/ecj-4.3.1.jar:/Users/celiobarros/.m2/repository/org/reflections/reflections/0.9.9/reflections-0.9.9.jar:/Users/celiobarros/.m2/repository/com/google/code/findbugs/annotations/2.0.1/annotations-2.0.1.jar:/Users/celiobarros/.m2/repository/com/querydsl/querydsl-jpa/4.2.1/querydsl-jpa-4.2.1.jar:/Users/celiobarros/.m2/repository/com/querydsl/querydsl-core/4.2.1/querydsl-core-4.2.1.jar:/Users/celiobarros/.m2/repository/com/google/guava/guava/18.0/guava-18.0.jar:/Users/celiobarros/.m2/repository/com/google/code/findbugs/jsr305/1.3.9/jsr305-1.3.9.jar:/Users/celiobarros/.m2/repository/com/mysema/commons/mysema-commons-lang/0.2.4/mysema-commons-lang-0.2.4.jar:/Users/celiobarros/.m2/repository/com/infradna/tool/bridge-method-annotation/1.13/bridge-method-annotation-1.13.jar:/Users/celiobarros/.m2/repository/javax/inject/javax.inject/1/javax.inject-1.jar:/Users/celiobarros/.m2/repository/org/projectlombok/lombok/1.18.12/lombok-1.18.12.jar:/Users/celiobarros/.m2/repository/log4j/log4j/1.2.17/log4j-1.2.17.jar:/Users/celiobarros/.m2/repository/org/springframework/spring-test/5.2.9.RELEASE/spring-test-5.2.9.RELEASE.jar:"/>
    <property name="sun.cpu.endian" value="little"/>
    <property name="user.home" value="/Users/celiobarros"/>
    <property name="user.language" value="pt"/>
    <property name="java.specification.vendor" value="Oracle Corporation"/>
    <property name="java.home" value="/Library/Java/JavaVirtualMachines/jdk1.8.0_191.jdk/Contents/Home/jre"/>
    <property name="basedir" value="/Users/celiobarros/Documents/workspace/grupo-a-back"/>
    <property name="file.separator" value="/"/>
    <property name="line.separator" value="&#10;"/>
    <property name="java.vm.specification.vendor" value="Oracle Corporation"/>
    <property name="java.specification.name" value="Java Platform API Specification"/>
    <property name="java.awt.graphicsenv" value="sun.awt.CGraphicsEnvironment"/>
    <property name="surefire.real.class.path" value="/Users/celiobarros/Documents/workspace/grupo-a-back/target/surefire/surefirebooter9083950091999893778.jar"/>
    <property name="sun.boot.class.path" value="/Library/Java/JavaVirtualMachines/jdk1.8.0_191.jdk/Contents/Home/jre/lib/resources.jar:/Library/Java/JavaVirtualMachines/jdk1.8.0_191.jdk/Contents/Home/jre/lib/rt.jar:/Library/Java/JavaVirtualMachines/jdk1.8.0_191.jdk/Contents/Home/jre/lib/sunrsasign.jar:/Library/Java/JavaVirtualMachines/jdk1.8.0_191.jdk/Contents/Home/jre/lib/jsse.jar:/Library/Java/JavaVirtualMachines/jdk1.8.0_191.jdk/Contents/Home/jre/lib/jce.jar:/Library/Java/JavaVirtualMachines/jdk1.8.0_191.jdk/Contents/Home/jre/lib/charsets.jar:/Library/Java/JavaVirtualMachines/jdk1.8.0_191.jdk/Contents/Home/jre/lib/jfr.jar:/Library/Java/JavaVirtualMachines/jdk1.8.0_191.jdk/Contents/Home/jre/classes"/>
    <property name="sun.management.compiler" value="HotSpot 64-Bit Tiered Compilers"/>
    <property name="ftp.nonProxyHosts" value="local|*.local|169.254/16|*.169.254/16"/>
    <property name="java.runtime.version" value="1.8.0_191-b12"/>
    <property name="user.name" value="celiobarros"/>
    <property name="path.separator" value=":"/>
    <property name="os.version" value="10.15.7"/>
    <property name="java.endorsed.dirs" value="/Library/Java/JavaVirtualMachines/jdk1.8.0_191.jdk/Contents/Home/jre/lib/endorsed"/>
    <property name="java.runtime.name" value="Java(TM) SE Runtime Environment"/>
    <property name="file.encoding" value="UTF-8"/>
    <property name="java.vm.name" value="Java HotSpot(TM) 64-Bit Server VM"/>
    <property name="localRepository" value="/Users/celiobarros/.m2/repository"/>
    <property name="java.vendor.url.bug" value="http://bugreport.sun.com/bugreport/"/>
    <property name="java.io.tmpdir" value="/var/folders/qv/wb5jxtrx10519db8swpvrs640000gn/T/"/>
    <property name="java.version" value="1.8.0_191"/>
    <property name="user.dir" value="/Users/celiobarros/Documents/workspace/grupo-a-back"/>
    <property name="os.arch" value="x86_64"/>
    <property name="java.vm.specification.name" value="Java Virtual Machine Specification"/>
    <property name="java.awt.printerjob" value="sun.lwawt.macosx.CPrinterJob"/>
    <property name="sun.os.patch.level" value="unknown"/>
    <property name="java.library.path" value="/Users/celiobarros/Library/Java/Extensions:/Library/Java/Extensions:/Network/Library/Java/Extensions:/System/Library/Java/Extensions:/usr/lib/java:."/>
    <property name="idea.version2019.3.2" value="true"/>
    <property name="java.vm.info" value="mixed mode"/>
    <property name="java.vendor" value="Oracle Corporation"/>
    <property name="java.vm.version" value="25.191-b12"/>
    <property name="java.ext.dirs" value="/Users/celiobarros/Library/Java/Extensions:/Library/Java/JavaVirtualMachines/jdk1.8.0_191.jdk/Contents/Home/jre/lib/ext:/Library/Java/Extensions:/Network/Library/Java/Extensions:/System/Library/Java/Extensions:/usr/lib/java"/>
    <property name="sun.io.unicode.encoding" value="UnicodeBig"/>
    <property name="java.class.version" value="52.0"/>
    <property name="socksNonProxyHosts" value="local|*.local|169.254/16|*.169.254/16"/>
  </properties>
  <testcase name="contextLoads" classname="com.grupoa.GrupoaApplicationTests" time="0.001">
    <error message="Failed to load ApplicationContext" type="java.lang.IllegalStateException">java.lang.IllegalStateException: Failed to load ApplicationContext
Caused by: org.springframework.beans.factory.UnsatisfiedDependencyException: Error creating bean with name 'org.springframework.boot.autoconfigure.orm.jpa.HibernateJpaConfiguration': Unsatisfied dependency expressed through constructor parameter 0; nested exception is org.springframework.beans.factory.BeanCreationException: Error creating bean with name 'dataSource' defined in class path resource [org/springframework/boot/autoconfigure/jdbc/DataSourceConfiguration$Hikari.class]: Bean instantiation via factory method failed; nested exception is org.springframework.beans.BeanInstantiationException: Failed to instantiate [com.zaxxer.hikari.HikariDataSource]: Factory method 'dataSource' threw exception; nested exception is org.springframework.boot.autoconfigure.jdbc.DataSourceProperties$DataSourceBeanCreationException: Failed to determine a suitable driver class
Caused by: org.springframework.beans.factory.BeanCreationException: Error creating bean with name 'dataSource' defined in class path resource [org/springframework/boot/autoconfigure/jdbc/DataSourceConfiguration$Hikari.class]: Bean instantiation via factory method failed; nested exception is org.springframework.beans.BeanInstantiationException: Failed to instantiate [com.zaxxer.hikari.HikariDataSource]: Factory method 'dataSource' threw exception; nested exception is org.springframework.boot.autoconfigure.jdbc.DataSourceProperties$DataSourceBeanCreationException: Failed to determine a suitable driver class
Caused by: org.springframework.beans.BeanInstantiationException: Failed to instantiate [com.zaxxer.hikari.HikariDataSource]: Factory method 'dataSource' threw exception; nested exception is org.springframework.boot.autoconfigure.jdbc.DataSourceProperties$DataSourceBeanCreationException: Failed to determine a suitable driver class
Caused by: org.springframework.boot.autoconfigure.jdbc.DataSourceProperties$DataSourceBeanCreationException: Failed to determine a suitable driver class
</error>
    <system-out><![CDATA[09:57:27.367 [main] DEBUG org.springframework.test.context.BootstrapUtils - Instantiating CacheAwareContextLoaderDelegate from class [org.springframework.test.context.cache.DefaultCacheAwareContextLoaderDelegate]
09:57:27.386 [main] DEBUG org.springframework.test.context.BootstrapUtils - Instantiating BootstrapContext using constructor [public org.springframework.test.context.support.DefaultBootstrapContext(java.lang.Class,org.springframework.test.context.CacheAwareContextLoaderDelegate)]
09:57:27.421 [main] DEBUG org.springframework.test.context.BootstrapUtils - Instantiating TestContextBootstrapper for test class [com.grupoa.GrupoaApplicationTests] from class [org.springframework.boot.test.context.SpringBootTestContextBootstrapper]
09:57:27.448 [main] INFO org.springframework.boot.test.context.SpringBootTestContextBootstrapper - Neither @ContextConfiguration nor @ContextHierarchy found for test class [com.grupoa.GrupoaApplicationTests], using SpringBootContextLoader
09:57:27.453 [main] DEBUG org.springframework.test.context.support.AbstractContextLoader - Did not detect default resource location for test class [com.grupoa.GrupoaApplicationTests]: class path resource [com/grupoa/GrupoaApplicationTests-context.xml] does not exist
09:57:27.453 [main] DEBUG org.springframework.test.context.support.AbstractContextLoader - Did not detect default resource location for test class [com.grupoa.GrupoaApplicationTests]: class path resource [com/grupoa/GrupoaApplicationTestsContext.groovy] does not exist
09:57:27.453 [main] INFO org.springframework.test.context.support.AbstractContextLoader - Could not detect default resource locations for test class [com.grupoa.GrupoaApplicationTests]: no resource found for suffixes {-context.xml, Context.groovy}.
09:57:27.454 [main] INFO org.springframework.test.context.support.AnnotationConfigContextLoaderUtils - Could not detect default configuration classes for test class [com.grupoa.GrupoaApplicationTests]: GrupoaApplicationTests does not declare any static, non-private, non-final, nested classes annotated with @Configuration.
09:57:27.499 [main] DEBUG org.springframework.test.context.support.ActiveProfilesUtils - Could not find an 'annotation declaring class' for annotation type [org.springframework.test.context.ActiveProfiles] and class [com.grupoa.GrupoaApplicationTests]
09:57:27.589 [main] DEBUG org.springframework.context.annotation.ClassPathScanningCandidateComponentProvider - Identified candidate component class: file [/Users/celiobarros/Documents/workspace/grupo-a-back/target/classes/com/grupoa/GrupoaApplication.class]
09:57:27.591 [main] INFO org.springframework.boot.test.context.SpringBootTestContextBootstrapper - Found @SpringBootConfiguration com.grupoa.GrupoaApplication for test class com.grupoa.GrupoaApplicationTests
09:57:27.696 [main] DEBUG org.springframework.boot.test.context.SpringBootTestContextBootstrapper - @TestExecutionListeners is not present for class [com.grupoa.GrupoaApplicationTests]: using defaults.
09:57:27.697 [main] INFO org.springframework.boot.test.context.SpringBootTestContextBootstrapper - Loaded default TestExecutionListener class names from location [META-INF/spring.factories]: [org.springframework.boot.test.mock.mockito.MockitoTestExecutionListener, org.springframework.boot.test.mock.mockito.ResetMocksTestExecutionListener, org.springframework.boot.test.autoconfigure.restdocs.RestDocsTestExecutionListener, org.springframework.boot.test.autoconfigure.web.client.MockRestServiceServerResetTestExecutionListener, org.springframework.boot.test.autoconfigure.web.servlet.MockMvcPrintOnlyOnFailureTestExecutionListener, org.springframework.boot.test.autoconfigure.web.servlet.WebDriverTestExecutionListener, org.springframework.boot.test.autoconfigure.webservices.client.MockWebServiceServerTestExecutionListener, org.springframework.test.context.web.ServletTestExecutionListener, org.springframework.test.context.support.DirtiesContextBeforeModesTestExecutionListener, org.springframework.test.context.support.DependencyInjectionTestExecutionListener, org.springframework.test.context.support.DirtiesContextTestExecutionListener, org.springframework.test.context.transaction.TransactionalTestExecutionListener, org.springframework.test.context.jdbc.SqlScriptsTestExecutionListener, org.springframework.test.context.event.EventPublishingTestExecutionListener]
09:57:27.721 [main] INFO org.springframework.boot.test.context.SpringBootTestContextBootstrapper - Using TestExecutionListeners: [org.springframework.test.context.web.ServletTestExecutionListener@19e4653c, org.springframework.test.context.support.DirtiesContextBeforeModesTestExecutionListener@795509d9, org.springframework.boot.test.mock.mockito.MockitoTestExecutionListener@53045c6c, org.springframework.boot.test.autoconfigure.SpringBootDependencyInjectionTestExecutionListener@5149d738, org.springframework.test.context.support.DirtiesContextTestExecutionListener@6bbe85a8, org.springframework.test.context.transaction.TransactionalTestExecutionListener@3a7442c7, org.springframework.test.context.jdbc.SqlScriptsTestExecutionListener@4be29ed9, org.springframework.test.context.event.EventPublishingTestExecutionListener@548d708a, org.springframework.boot.test.mock.mockito.ResetMocksTestExecutionListener@4b013c76, org.springframework.boot.test.autoconfigure.restdocs.RestDocsTestExecutionListener@53fb3dab, org.springframework.boot.test.autoconfigure.web.client.MockRestServiceServerResetTestExecutionListener@cb0755b, org.springframework.boot.test.autoconfigure.web.servlet.MockMvcPrintOnlyOnFailureTestExecutionListener@33065d67, org.springframework.boot.test.autoconfigure.web.servlet.WebDriverTestExecutionListener@712625fd, org.springframework.boot.test.autoconfigure.webservices.client.MockWebServiceServerTestExecutionListener@7bba5817]
09:57:27.725 [main] DEBUG org.springframework.test.context.support.AbstractDirtiesContextTestExecutionListener - Before test class: context [DefaultTestContext@2d901eb0 testClass = GrupoaApplicationTests, testInstance = [null], testMethod = [null], testException = [null], mergedContextConfiguration = [WebMergedContextConfiguration@3ba987b8 testClass = GrupoaApplicationTests, locations = '{}', classes = '{class com.grupoa.GrupoaApplication}', contextInitializerClasses = '[]', activeProfiles = '{}', propertySourceLocations = '{}', propertySourceProperties = '{org.springframework.boot.test.context.SpringBootTestContextBootstrapper=true}', contextCustomizers = set[org.springframework.boot.test.context.filter.ExcludeFilterContextCustomizer@498d318c, org.springframework.boot.test.json.DuplicateJsonObjectContextCustomizerFactory$DuplicateJsonObjectContextCustomizer@795cd85e, org.springframework.boot.test.mock.mockito.MockitoContextCustomizer@0, org.springframework.boot.test.web.client.TestRestTemplateContextCustomizer@3bb9a3ff, org.springframework.boot.test.autoconfigure.properties.PropertyMappingContextCustomizer@0, org.springframework.boot.test.autoconfigure.web.servlet.WebDriverContextCustomizerFactory$Customizer@6b81ce95, org.springframework.boot.test.context.SpringBootTestArgs@1], resourceBasePath = 'src/main/webapp', contextLoader = 'org.springframework.boot.test.context.SpringBootContextLoader', parent = [null]], attributes = map['org.springframework.test.context.web.ServletTestExecutionListener.activateListener' -> true]], class annotated with @DirtiesContext [false] with mode [null].
09:57:27.758 [main] DEBUG org.springframework.test.context.support.TestPropertySourceUtils - Adding inlined properties to environment: {spring.jmx.enabled=false, org.springframework.boot.test.context.SpringBootTestContextBootstrapper=true}

  .   ____          _            __ _ _
 /\\ / ___'_ __ _ _(_)_ __  __ _ \ \ \ \
( ( )\___ | '_ | '_| | '_ \/ _` | \ \ \ \
 \\/  ___)| |_)| | | | | || (_| |  ) ) ) )
  '  |____| .__|_| |_|_| |_\__, | / / / /
 =========|_|==============|___/=/_/_/_/
 :: Spring Boot ::        (v2.3.4.RELEASE)

2020-10-17 09:57:28.003  INFO 1754 --- [           main] com.grupoa.GrupoaApplicationTests        : Starting GrupoaApplicationTests on MacBook-Pro-de-Celio.local with PID 1754 (started by celiobarros in /Users/celiobarros/Documents/workspace/grupo-a-back)
2020-10-17 09:57:28.005  INFO 1754 --- [           main] com.grupoa.GrupoaApplicationTests        : No active profile set, falling back to default profiles: default
2020-10-17 09:57:28.930  INFO 1754 --- [           main] .s.d.r.c.RepositoryConfigurationDelegate : Bootstrapping Spring Data JPA repositories in DEFERRED mode.
2020-10-17 09:57:28.953  INFO 1754 --- [           main] .s.d.r.c.RepositoryConfigurationDelegate : Finished Spring Data repository scanning in 13ms. Found 0 JPA repository interfaces.
2020-10-17 09:57:29.401  WARN 1754 --- [           main] o.s.w.c.s.GenericWebApplicationContext   : Exception encountered during context initialization - cancelling refresh attempt: org.springframework.beans.factory.UnsatisfiedDependencyException: Error creating bean with name 'org.springframework.boot.autoconfigure.orm.jpa.HibernateJpaConfiguration': Unsatisfied dependency expressed through constructor parameter 0; nested exception is org.springframework.beans.factory.BeanCreationException: Error creating bean with name 'dataSource' defined in class path resource [org/springframework/boot/autoconfigure/jdbc/DataSourceConfiguration$Hikari.class]: Bean instantiation via factory method failed; nested exception is org.springframework.beans.BeanInstantiationException: Failed to instantiate [com.zaxxer.hikari.HikariDataSource]: Factory method 'dataSource' threw exception; nested exception is org.springframework.boot.autoconfigure.jdbc.DataSourceProperties$DataSourceBeanCreationException: Failed to determine a suitable driver class
2020-10-17 09:57:29.416  INFO 1754 --- [           main] ConditionEvaluationReportLoggingListener : 

Error starting ApplicationContext. To display the conditions report re-run your application with 'debug' enabled.
2020-10-17 09:57:29.417 ERROR 1754 --- [           main] o.s.b.d.LoggingFailureAnalysisReporter   : 

***************************
APPLICATION FAILED TO START
***************************

Description:

Failed to configure a DataSource: 'url' attribute is not specified and no embedded datasource could be configured.

Reason: Failed to determine a suitable driver class


Action:

Consider the following:
	If you want an embedded database (H2, HSQL or Derby), please put it on the classpath.
	If you have database settings to be loaded from a particular profile you may need to activate it (no profiles are currently active).

2020-10-17 09:57:29.425 ERROR 1754 --- [           main] o.s.test.context.TestContextManager      : Caught exception while allowing TestExecutionListener [org.springframework.test.context.web.ServletTestExecutionListener@19e4653c] to prepare test instance [com.grupoa.GrupoaApplicationTests@7661b5a]

java.lang.IllegalStateException: Failed to load ApplicationContext
	at org.springframework.test.context.cache.DefaultCacheAwareContextLoaderDelegate.loadContext(DefaultCacheAwareContextLoaderDelegate.java:132) ~[spring-test-5.2.9.RELEASE.jar:5.2.9.RELEASE]
	at org.springframework.test.context.support.DefaultTestContext.getApplicationContext(DefaultTestContext.java:123) ~[spring-test-5.2.9.RELEASE.jar:5.2.9.RELEASE]
	at org.springframework.test.context.web.ServletTestExecutionListener.setUpRequestContextIfNecessary(ServletTestExecutionListener.java:190) ~[spring-test-5.2.9.RELEASE.jar:5.2.9.RELEASE]
	at org.springframework.test.context.web.ServletTestExecutionListener.prepareTestInstance(ServletTestExecutionListener.java:132) ~[spring-test-5.2.9.RELEASE.jar:5.2.9.RELEASE]
	at org.springframework.test.context.TestContextManager.prepareTestInstance(TestContextManager.java:244) ~[spring-test-5.2.9.RELEASE.jar:5.2.9.RELEASE]
	at org.springframework.test.context.junit.jupiter.SpringExtension.postProcessTestInstance(SpringExtension.java:98) [spring-test-5.2.9.RELEASE.jar:5.2.9.RELEASE]
	at org.junit.jupiter.engine.descriptor.ClassBasedTestDescriptor.lambda$invokeTestInstancePostProcessors$5(ClassBasedTestDescriptor.java:341) [junit-jupiter-engine-5.6.2.jar:5.6.2]
	at org.junit.jupiter.engine.descriptor.ClassBasedTestDescriptor.executeAndMaskThrowable(ClassBasedTestDescriptor.java:346) [junit-jupiter-engine-5.6.2.jar:5.6.2]
	at org.junit.jupiter.engine.descriptor.ClassBasedTestDescriptor.lambda$invokeTestInstancePostProcessors$6(ClassBasedTestDescriptor.java:341) [junit-jupiter-engine-5.6.2.jar:5.6.2]
	at java.util.stream.ReferencePipeline$3$1.accept(ReferencePipeline.java:193) ~[na:1.8.0_191]
	at java.util.stream.ReferencePipeline$2$1.accept(ReferencePipeline.java:175) ~[na:1.8.0_191]
	at java.util.ArrayList$ArrayListSpliterator.forEachRemaining(ArrayList.java:1382) ~[na:1.8.0_191]
	at java.util.stream.AbstractPipeline.copyInto(AbstractPipeline.java:481) ~[na:1.8.0_191]
	at java.util.stream.AbstractPipeline.wrapAndCopyInto(AbstractPipeline.java:471) ~[na:1.8.0_191]
	at java.util.stream.StreamSpliterators$WrappingSpliterator.forEachRemaining(StreamSpliterators.java:312) ~[na:1.8.0_191]
	at java.util.stream.Streams$ConcatSpliterator.forEachRemaining(Streams.java:743) ~[na:1.8.0_191]
	at java.util.stream.Streams$ConcatSpliterator.forEachRemaining(Streams.java:742) ~[na:1.8.0_191]
	at java.util.stream.ReferencePipeline$Head.forEach(ReferencePipeline.java:580) ~[na:1.8.0_191]
	at org.junit.jupiter.engine.descriptor.ClassBasedTestDescriptor.invokeTestInstancePostProcessors(ClassBasedTestDescriptor.java:340) [junit-jupiter-engine-5.6.2.jar:5.6.2]
	at org.junit.jupiter.engine.descriptor.ClassBasedTestDescriptor.instantiateAndPostProcessTestInstance(ClassBasedTestDescriptor.java:263) [junit-jupiter-engine-5.6.2.jar:5.6.2]
	at org.junit.jupiter.engine.descriptor.ClassBasedTestDescriptor.lambda$testInstancesProvider$2(ClassBasedTestDescriptor.java:256) [junit-jupiter-engine-5.6.2.jar:5.6.2]
	at java.util.Optional.orElseGet(Optional.java:267) ~[na:1.8.0_191]
	at org.junit.jupiter.engine.descriptor.ClassBasedTestDescriptor.lambda$testInstancesProvider$3(ClassBasedTestDescriptor.java:255) [junit-jupiter-engine-5.6.2.jar:5.6.2]
	at org.junit.jupiter.engine.execution.TestInstancesProvider.getTestInstances(TestInstancesProvider.java:29) ~[junit-jupiter-engine-5.6.2.jar:5.6.2]
	at org.junit.jupiter.engine.descriptor.TestMethodTestDescriptor.lambda$prepare$0(TestMethodTestDescriptor.java:108) ~[junit-jupiter-engine-5.6.2.jar:5.6.2]
	at org.junit.platform.engine.support.hierarchical.ThrowableCollector.execute(ThrowableCollector.java:73) ~[junit-platform-engine-1.6.2.jar:1.6.2]
	at org.junit.jupiter.engine.descriptor.TestMethodTestDescriptor.prepare(TestMethodTestDescriptor.java:107) ~[junit-jupiter-engine-5.6.2.jar:5.6.2]
	at org.junit.jupiter.engine.descriptor.TestMethodTestDescriptor.prepare(TestMethodTestDescriptor.java:71) ~[junit-jupiter-engine-5.6.2.jar:5.6.2]
	at org.junit.platform.engine.support.hierarchical.NodeTestTask.lambda$prepare$1(NodeTestTask.java:107) ~[junit-platform-engine-1.6.2.jar:1.6.2]
	at org.junit.platform.engine.support.hierarchical.ThrowableCollector.execute(ThrowableCollector.java:73) ~[junit-platform-engine-1.6.2.jar:1.6.2]
	at org.junit.platform.engine.support.hierarchical.NodeTestTask.prepare(NodeTestTask.java:107) ~[junit-platform-engine-1.6.2.jar:1.6.2]
	at org.junit.platform.engine.support.hierarchical.NodeTestTask.execute(NodeTestTask.java:75) ~[junit-platform-engine-1.6.2.jar:1.6.2]
	at java.util.ArrayList.forEach(ArrayList.java:1257) ~[na:1.8.0_191]
	at org.junit.platform.engine.support.hierarchical.SameThreadHierarchicalTestExecutorService.invokeAll(SameThreadHierarchicalTestExecutorService.java:38) ~[junit-platform-engine-1.6.2.jar:1.6.2]
	at org.junit.platform.engine.support.hierarchical.NodeTestTask.lambda$executeRecursively$5(NodeTestTask.java:139) ~[junit-platform-engine-1.6.2.jar:1.6.2]
	at org.junit.platform.engine.support.hierarchical.ThrowableCollector.execute(ThrowableCollector.java:73) ~[junit-platform-engine-1.6.2.jar:1.6.2]
	at org.junit.platform.engine.support.hierarchical.NodeTestTask.lambda$executeRecursively$7(NodeTestTask.java:125) ~[junit-platform-engine-1.6.2.jar:1.6.2]
	at org.junit.platform.engine.support.hierarchical.Node.around(Node.java:135) ~[junit-platform-engine-1.6.2.jar:1.6.2]
	at org.junit.platform.engine.support.hierarchical.NodeTestTask.lambda$executeRecursively$8(NodeTestTask.java:123) ~[junit-platform-engine-1.6.2.jar:1.6.2]
	at org.junit.platform.engine.support.hierarchical.ThrowableCollector.execute(ThrowableCollector.java:73) ~[junit-platform-engine-1.6.2.jar:1.6.2]
	at org.junit.platform.engine.support.hierarchical.NodeTestTask.executeRecursively(NodeTestTask.java:122) ~[junit-platform-engine-1.6.2.jar:1.6.2]
	at org.junit.platform.engine.support.hierarchical.NodeTestTask.execute(NodeTestTask.java:80) ~[junit-platform-engine-1.6.2.jar:1.6.2]
	at java.util.ArrayList.forEach(ArrayList.java:1257) ~[na:1.8.0_191]
	at org.junit.platform.engine.support.hierarchical.SameThreadHierarchicalTestExecutorService.invokeAll(SameThreadHierarchicalTestExecutorService.java:38) ~[junit-platform-engine-1.6.2.jar:1.6.2]
	at org.junit.platform.engine.support.hierarchical.NodeTestTask.lambda$executeRecursively$5(NodeTestTask.java:139) ~[junit-platform-engine-1.6.2.jar:1.6.2]
	at org.junit.platform.engine.support.hierarchical.ThrowableCollector.execute(ThrowableCollector.java:73) ~[junit-platform-engine-1.6.2.jar:1.6.2]
	at org.junit.platform.engine.support.hierarchical.NodeTestTask.lambda$executeRecursively$7(NodeTestTask.java:125) ~[junit-platform-engine-1.6.2.jar:1.6.2]
	at org.junit.platform.engine.support.hierarchical.Node.around(Node.java:135) ~[junit-platform-engine-1.6.2.jar:1.6.2]
	at org.junit.platform.engine.support.hierarchical.NodeTestTask.lambda$executeRecursively$8(NodeTestTask.java:123) ~[junit-platform-engine-1.6.2.jar:1.6.2]
	at org.junit.platform.engine.support.hierarchical.ThrowableCollector.execute(ThrowableCollector.java:73) ~[junit-platform-engine-1.6.2.jar:1.6.2]
	at org.junit.platform.engine.support.hierarchical.NodeTestTask.executeRecursively(NodeTestTask.java:122) ~[junit-platform-engine-1.6.2.jar:1.6.2]
	at org.junit.platform.engine.support.hierarchical.NodeTestTask.execute(NodeTestTask.java:80) ~[junit-platform-engine-1.6.2.jar:1.6.2]
	at org.junit.platform.engine.support.hierarchical.SameThreadHierarchicalTestExecutorService.submit(SameThreadHierarchicalTestExecutorService.java:32) ~[junit-platform-engine-1.6.2.jar:1.6.2]
	at org.junit.platform.engine.support.hierarchical.HierarchicalTestExecutor.execute(HierarchicalTestExecutor.java:57) ~[junit-platform-engine-1.6.2.jar:1.6.2]
	at org.junit.platform.engine.support.hierarchical.HierarchicalTestEngine.execute(HierarchicalTestEngine.java:51) ~[junit-platform-engine-1.6.2.jar:1.6.2]
	at org.junit.platform.launcher.core.DefaultLauncher.execute(DefaultLauncher.java:220) ~[junit-platform-launcher-1.3.1.jar:1.3.1]
	at org.junit.platform.launcher.core.DefaultLauncher.lambda$execute$6(DefaultLauncher.java:188) ~[junit-platform-launcher-1.3.1.jar:1.3.1]
	at org.junit.platform.launcher.core.DefaultLauncher.withInterceptedStreams(DefaultLauncher.java:202) ~[junit-platform-launcher-1.3.1.jar:1.3.1]
	at org.junit.platform.launcher.core.DefaultLauncher.execute(DefaultLauncher.java:181) ~[junit-platform-launcher-1.3.1.jar:1.3.1]
	at org.junit.platform.launcher.core.DefaultLauncher.execute(DefaultLauncher.java:128) ~[junit-platform-launcher-1.3.1.jar:1.3.1]
	at org.apache.maven.surefire.junitplatform.JUnitPlatformProvider.invokeAllTests(JUnitPlatformProvider.java:150) ~[surefire-junit-platform-2.22.2.jar:2.22.2]
	at org.apache.maven.surefire.junitplatform.JUnitPlatformProvider.invoke(JUnitPlatformProvider.java:124) ~[surefire-junit-platform-2.22.2.jar:2.22.2]
	at org.apache.maven.surefire.booter.ForkedBooter.invokeProviderInSameClassLoader(ForkedBooter.java:384) ~[surefire-booter-2.22.2.jar:2.22.2]
	at org.apache.maven.surefire.booter.ForkedBooter.runSuitesInProcess(ForkedBooter.java:345) ~[surefire-booter-2.22.2.jar:2.22.2]
	at org.apache.maven.surefire.booter.ForkedBooter.execute(ForkedBooter.java:126) ~[surefire-booter-2.22.2.jar:2.22.2]
	at org.apache.maven.surefire.booter.ForkedBooter.main(ForkedBooter.java:418) ~[surefire-booter-2.22.2.jar:2.22.2]
Caused by: org.springframework.beans.factory.UnsatisfiedDependencyException: Error creating bean with name 'org.springframework.boot.autoconfigure.orm.jpa.HibernateJpaConfiguration': Unsatisfied dependency expressed through constructor parameter 0; nested exception is org.springframework.beans.factory.BeanCreationException: Error creating bean with name 'dataSource' defined in class path resource [org/springframework/boot/autoconfigure/jdbc/DataSourceConfiguration$Hikari.class]: Bean instantiation via factory method failed; nested exception is org.springframework.beans.BeanInstantiationException: Failed to instantiate [com.zaxxer.hikari.HikariDataSource]: Factory method 'dataSource' threw exception; nested exception is org.springframework.boot.autoconfigure.jdbc.DataSourceProperties$DataSourceBeanCreationException: Failed to determine a suitable driver class
	at org.springframework.beans.factory.support.ConstructorResolver.createArgumentArray(ConstructorResolver.java:797) ~[spring-beans-5.2.9.RELEASE.jar:5.2.9.RELEASE]
	at org.springframework.beans.factory.support.ConstructorResolver.autowireConstructor(ConstructorResolver.java:227) ~[spring-beans-5.2.9.RELEASE.jar:5.2.9.RELEASE]
	at org.springframework.beans.factory.support.AbstractAutowireCapableBeanFactory.autowireConstructor(AbstractAutowireCapableBeanFactory.java:1356) ~[spring-beans-5.2.9.RELEASE.jar:5.2.9.RELEASE]
	at org.springframework.beans.factory.support.AbstractAutowireCapableBeanFactory.createBeanInstance(AbstractAutowireCapableBeanFactory.java:1203) ~[spring-beans-5.2.9.RELEASE.jar:5.2.9.RELEASE]
	at org.springframework.beans.factory.support.AbstractAutowireCapableBeanFactory.doCreateBean(AbstractAutowireCapableBeanFactory.java:556) ~[spring-beans-5.2.9.RELEASE.jar:5.2.9.RELEASE]
	at org.springframework.beans.factory.support.AbstractAutowireCapableBeanFactory.createBean(AbstractAutowireCapableBeanFactory.java:516) ~[spring-beans-5.2.9.RELEASE.jar:5.2.9.RELEASE]
	at org.springframework.beans.factory.support.AbstractBeanFactory.lambda$doGetBean$0(AbstractBeanFactory.java:324) ~[spring-beans-5.2.9.RELEASE.jar:5.2.9.RELEASE]
	at org.springframework.beans.factory.support.DefaultSingletonBeanRegistry.getSingleton(DefaultSingletonBeanRegistry.java:234) ~[spring-beans-5.2.9.RELEASE.jar:5.2.9.RELEASE]
	at org.springframework.beans.factory.support.AbstractBeanFactory.doGetBean(AbstractBeanFactory.java:322) ~[spring-beans-5.2.9.RELEASE.jar:5.2.9.RELEASE]
	at org.springframework.beans.factory.support.AbstractBeanFactory.getBean(AbstractBeanFactory.java:202) ~[spring-beans-5.2.9.RELEASE.jar:5.2.9.RELEASE]
	at org.springframework.beans.factory.support.ConstructorResolver.instantiateUsingFactoryMethod(ConstructorResolver.java:408) ~[spring-beans-5.2.9.RELEASE.jar:5.2.9.RELEASE]
	at org.springframework.beans.factory.support.AbstractAutowireCapableBeanFactory.instantiateUsingFactoryMethod(AbstractAutowireCapableBeanFactory.java:1336) ~[spring-beans-5.2.9.RELEASE.jar:5.2.9.RELEASE]
	at org.springframework.beans.factory.support.AbstractAutowireCapableBeanFactory.createBeanInstance(AbstractAutowireCapableBeanFactory.java:1176) ~[spring-beans-5.2.9.RELEASE.jar:5.2.9.RELEASE]
	at org.springframework.beans.factory.support.AbstractAutowireCapableBeanFactory.doCreateBean(AbstractAutowireCapableBeanFactory.java:556) ~[spring-beans-5.2.9.RELEASE.jar:5.2.9.RELEASE]
	at org.springframework.beans.factory.support.AbstractAutowireCapableBeanFactory.createBean(AbstractAutowireCapableBeanFactory.java:516) ~[spring-beans-5.2.9.RELEASE.jar:5.2.9.RELEASE]
	at org.springframework.beans.factory.support.AbstractBeanFactory.lambda$doGetBean$0(AbstractBeanFactory.java:324) ~[spring-beans-5.2.9.RELEASE.jar:5.2.9.RELEASE]
	at org.springframework.beans.factory.support.DefaultSingletonBeanRegistry.getSingleton(DefaultSingletonBeanRegistry.java:234) ~[spring-beans-5.2.9.RELEASE.jar:5.2.9.RELEASE]
	at org.springframework.beans.factory.support.AbstractBeanFactory.doGetBean(AbstractBeanFactory.java:322) ~[spring-beans-5.2.9.RELEASE.jar:5.2.9.RELEASE]
	at org.springframework.beans.factory.support.AbstractBeanFactory.getBean(AbstractBeanFactory.java:202) ~[spring-beans-5.2.9.RELEASE.jar:5.2.9.RELEASE]
	at org.springframework.context.support.AbstractApplicationContext.getBean(AbstractApplicationContext.java:1109) ~[spring-context-5.2.9.RELEASE.jar:5.2.9.RELEASE]
	at org.springframework.context.support.AbstractApplicationContext.finishBeanFactoryInitialization(AbstractApplicationContext.java:869) ~[spring-context-5.2.9.RELEASE.jar:5.2.9.RELEASE]
	at org.springframework.context.support.AbstractApplicationContext.refresh(AbstractApplicationContext.java:551) ~[spring-context-5.2.9.RELEASE.jar:5.2.9.RELEASE]
	at org.springframework.boot.SpringApplication.refresh(SpringApplication.java:758) ~[spring-boot-2.3.4.RELEASE.jar:2.3.4.RELEASE]
	at org.springframework.boot.SpringApplication.refresh(SpringApplication.java:750) ~[spring-boot-2.3.4.RELEASE.jar:2.3.4.RELEASE]
	at org.springframework.boot.SpringApplication.refreshContext(SpringApplication.java:397) ~[spring-boot-2.3.4.RELEASE.jar:2.3.4.RELEASE]
	at org.springframework.boot.SpringApplication.run(SpringApplication.java:315) ~[spring-boot-2.3.4.RELEASE.jar:2.3.4.RELEASE]
	at org.springframework.boot.test.context.SpringBootContextLoader.loadContext(SpringBootContextLoader.java:120) ~[spring-boot-test-2.3.4.RELEASE.jar:2.3.4.RELEASE]
	at org.springframework.test.context.cache.DefaultCacheAwareContextLoaderDelegate.loadContextInternal(DefaultCacheAwareContextLoaderDelegate.java:99) ~[spring-test-5.2.9.RELEASE.jar:5.2.9.RELEASE]
	at org.springframework.test.context.cache.DefaultCacheAwareContextLoaderDelegate.loadContext(DefaultCacheAwareContextLoaderDelegate.java:124) ~[spring-test-5.2.9.RELEASE.jar:5.2.9.RELEASE]
	... 65 common frames omitted
Caused by: org.springframework.beans.factory.BeanCreationException: Error creating bean with name 'dataSource' defined in class path resource [org/springframework/boot/autoconfigure/jdbc/DataSourceConfiguration$Hikari.class]: Bean instantiation via factory method failed; nested exception is org.springframework.beans.BeanInstantiationException: Failed to instantiate [com.zaxxer.hikari.HikariDataSource]: Factory method 'dataSource' threw exception; nested exception is org.springframework.boot.autoconfigure.jdbc.DataSourceProperties$DataSourceBeanCreationException: Failed to determine a suitable driver class
	at org.springframework.beans.factory.support.ConstructorResolver.instantiate(ConstructorResolver.java:655) ~[spring-beans-5.2.9.RELEASE.jar:5.2.9.RELEASE]
	at org.springframework.beans.factory.support.ConstructorResolver.instantiateUsingFactoryMethod(ConstructorResolver.java:635) ~[spring-beans-5.2.9.RELEASE.jar:5.2.9.RELEASE]
	at org.springframework.beans.factory.support.AbstractAutowireCapableBeanFactory.instantiateUsingFactoryMethod(AbstractAutowireCapableBeanFactory.java:1336) ~[spring-beans-5.2.9.RELEASE.jar:5.2.9.RELEASE]
	at org.springframework.beans.factory.support.AbstractAutowireCapableBeanFactory.createBeanInstance(AbstractAutowireCapableBeanFactory.java:1176) ~[spring-beans-5.2.9.RELEASE.jar:5.2.9.RELEASE]
	at org.springframework.beans.factory.support.AbstractAutowireCapableBeanFactory.doCreateBean(AbstractAutowireCapableBeanFactory.java:556) ~[spring-beans-5.2.9.RELEASE.jar:5.2.9.RELEASE]
	at org.springframework.beans.factory.support.AbstractAutowireCapableBeanFactory.createBean(AbstractAutowireCapableBeanFactory.java:516) ~[spring-beans-5.2.9.RELEASE.jar:5.2.9.RELEASE]
	at org.springframework.beans.factory.support.AbstractBeanFactory.lambda$doGetBean$0(AbstractBeanFactory.java:324) ~[spring-beans-5.2.9.RELEASE.jar:5.2.9.RELEASE]
	at org.springframework.beans.factory.support.DefaultSingletonBeanRegistry.getSingleton(DefaultSingletonBeanRegistry.java:234) ~[spring-beans-5.2.9.RELEASE.jar:5.2.9.RELEASE]
	at org.springframework.beans.factory.support.AbstractBeanFactory.doGetBean(AbstractBeanFactory.java:322) ~[spring-beans-5.2.9.RELEASE.jar:5.2.9.RELEASE]
	at org.springframework.beans.factory.support.AbstractBeanFactory.getBean(AbstractBeanFactory.java:202) ~[spring-beans-5.2.9.RELEASE.jar:5.2.9.RELEASE]
	at org.springframework.beans.factory.config.DependencyDescriptor.resolveCandidate(DependencyDescriptor.java:276) ~[spring-beans-5.2.9.RELEASE.jar:5.2.9.RELEASE]
	at org.springframework.beans.factory.support.DefaultListableBeanFactory.doResolveDependency(DefaultListableBeanFactory.java:1307) ~[spring-beans-5.2.9.RELEASE.jar:5.2.9.RELEASE]
	at org.springframework.beans.factory.support.DefaultListableBeanFactory.resolveDependency(DefaultListableBeanFactory.java:1227) ~[spring-beans-5.2.9.RELEASE.jar:5.2.9.RELEASE]
	at org.springframework.beans.factory.support.ConstructorResolver.resolveAutowiredArgument(ConstructorResolver.java:884) ~[spring-beans-5.2.9.RELEASE.jar:5.2.9.RELEASE]
	at org.springframework.beans.factory.support.ConstructorResolver.createArgumentArray(ConstructorResolver.java:788) ~[spring-beans-5.2.9.RELEASE.jar:5.2.9.RELEASE]
	... 93 common frames omitted
Caused by: org.springframework.beans.BeanInstantiationException: Failed to instantiate [com.zaxxer.hikari.HikariDataSource]: Factory method 'dataSource' threw exception; nested exception is org.springframework.boot.autoconfigure.jdbc.DataSourceProperties$DataSourceBeanCreationException: Failed to determine a suitable driver class
	at org.springframework.beans.factory.support.SimpleInstantiationStrategy.instantiate(SimpleInstantiationStrategy.java:185) ~[spring-beans-5.2.9.RELEASE.jar:5.2.9.RELEASE]
	at org.springframework.beans.factory.support.ConstructorResolver.instantiate(ConstructorResolver.java:650) ~[spring-beans-5.2.9.RELEASE.jar:5.2.9.RELEASE]
	... 107 common frames omitted
Caused by: org.springframework.boot.autoconfigure.jdbc.DataSourceProperties$DataSourceBeanCreationException: Failed to determine a suitable driver class
	at org.springframework.boot.autoconfigure.jdbc.DataSourceProperties.determineDriverClassName(DataSourceProperties.java:234) ~[spring-boot-autoconfigure-2.3.4.RELEASE.jar:2.3.4.RELEASE]
	at org.springframework.boot.autoconfigure.jdbc.DataSourceProperties.initializeDataSourceBuilder(DataSourceProperties.java:175) ~[spring-boot-autoconfigure-2.3.4.RELEASE.jar:2.3.4.RELEASE]
	at org.springframework.boot.autoconfigure.jdbc.DataSourceConfiguration.createDataSource(DataSourceConfiguration.java:43) ~[spring-boot-autoconfigure-2.3.4.RELEASE.jar:2.3.4.RELEASE]
	at org.springframework.boot.autoconfigure.jdbc.DataSourceConfiguration$Hikari.dataSource(DataSourceConfiguration.java:85) ~[spring-boot-autoconfigure-2.3.4.RELEASE.jar:2.3.4.RELEASE]
	at sun.reflect.NativeMethodAccessorImpl.invoke0(Native Method) ~[na:1.8.0_191]
	at sun.reflect.NativeMethodAccessorImpl.invoke(NativeMethodAccessorImpl.java:62) ~[na:1.8.0_191]
	at sun.reflect.DelegatingMethodAccessorImpl.invoke(DelegatingMethodAccessorImpl.java:43) ~[na:1.8.0_191]
	at java.lang.reflect.Method.invoke(Method.java:498) ~[na:1.8.0_191]
	at org.springframework.beans.factory.support.SimpleInstantiationStrategy.instantiate(SimpleInstantiationStrategy.java:154) ~[spring-beans-5.2.9.RELEASE.jar:5.2.9.RELEASE]
	... 108 common frames omitted

]]></system-out>
  </testcase>
</testsuite>